mode: set
github.com/akawula/DoraMatic/github/organizations/organizations.go:25.30,33.16 5 0
github.com/akawula/DoraMatic/github/organizations/organizations.go:33.16,35.3 1 0
github.com/akawula/DoraMatic/github/organizations/organizations.go:37.2,38.53 2 0
github.com/akawula/DoraMatic/github/organizations/organizations.go:38.53,40.3 1 0
github.com/akawula/DoraMatic/github/organizations/organizations.go:42.2,42.21 1 0
github.com/akawula/DoraMatic/cmd/main.go:28.25,30.31 2 0
github.com/akawula/DoraMatic/cmd/main.go:30.31,32.3 1 0
github.com/akawula/DoraMatic/cmd/main.go:33.2,33.14 1 0
github.com/akawula/DoraMatic/cmd/main.go:36.59,38.16 2 0
github.com/akawula/DoraMatic/cmd/main.go:38.16,40.3 1 0
github.com/akawula/DoraMatic/cmd/main.go:42.2,43.27 2 0
github.com/akawula/DoraMatic/cmd/main.go:43.27,45.17 2 0
github.com/akawula/DoraMatic/cmd/main.go:45.17,47.4 1 0
github.com/akawula/DoraMatic/cmd/main.go:48.3,48.26 1 0
github.com/akawula/DoraMatic/cmd/main.go:51.2,51.15 1 0
github.com/akawula/DoraMatic/cmd/main.go:54.57,56.16 2 0
github.com/akawula/DoraMatic/cmd/main.go:56.16,58.3 1 0
github.com/akawula/DoraMatic/cmd/main.go:61.58,63.16 2 0
github.com/akawula/DoraMatic/cmd/main.go:63.16,65.3 1 0
github.com/akawula/DoraMatic/cmd/main.go:68.13,76.2 4 0
github.com/akawula/DoraMatic/cmd/main.go:78.23,88.16 5 0
github.com/akawula/DoraMatic/cmd/main.go:88.16,90.3 1 0
github.com/akawula/DoraMatic/cmd/main.go:91.2,95.16 4 0
github.com/akawula/DoraMatic/cmd/main.go:95.16,97.3 1 0
github.com/akawula/DoraMatic/cmd/main.go:98.2,98.48 1 0
github.com/akawula/DoraMatic/cmd/main.go:98.48,100.3 1 0
github.com/akawula/DoraMatic/cmd/main.go:102.2,103.25 2 0
github.com/akawula/DoraMatic/cmd/main.go:103.25,109.3 4 0
github.com/akawula/DoraMatic/cmd/main.go:111.2,111.11 1 0
github.com/akawula/DoraMatic/cmd/main.go:114.80,115.29 1 0
github.com/akawula/DoraMatic/cmd/main.go:115.29,118.17 3 0
github.com/akawula/DoraMatic/cmd/main.go:118.17,120.4 1 0
github.com/akawula/DoraMatic/cmd/main.go:123.2,123.8 1 0
github.com/akawula/DoraMatic/view/layout/base_templ.go:13.29,14.110 1 0
github.com/akawula/DoraMatic/view/layout/base_templ.go:14.110,16.31 2 0
github.com/akawula/DoraMatic/view/layout/base_templ.go:16.31,19.4 2 0
github.com/akawula/DoraMatic/view/layout/base_templ.go:20.3,22.33 3 0
github.com/akawula/DoraMatic/view/layout/base_templ.go:22.33,24.4 1 0
github.com/akawula/DoraMatic/view/layout/base_templ.go:25.3,27.32 3 0
github.com/akawula/DoraMatic/view/layout/base_templ.go:27.32,29.4 1 0
github.com/akawula/DoraMatic/view/layout/base_templ.go:30.3,31.32 2 0
github.com/akawula/DoraMatic/view/layout/base_templ.go:31.32,33.4 1 0
github.com/akawula/DoraMatic/view/layout/base_templ.go:34.3,35.32 2 0
github.com/akawula/DoraMatic/view/layout/base_templ.go:35.32,37.4 1 0
github.com/akawula/DoraMatic/view/layout/base_templ.go:38.3,38.31 1 0
github.com/akawula/DoraMatic/view/layout/base_templ.go:38.31,40.4 1 0
github.com/akawula/DoraMatic/view/layout/base_templ.go:41.3,41.28 1 0
github.com/akawula/DoraMatic/handler/home.go:11.49,13.2 1 0
github.com/akawula/DoraMatic/handler/util.go:8.57,10.2 1 0
github.com/akawula/DoraMatic/github/repositories/repositories.go:86.70,93.2 1 0
github.com/akawula/DoraMatic/github/repositories/repositories.go:95.32,108.2 5 0
github.com/akawula/DoraMatic/github/repositories/repositories.go:110.83,114.16 4 0
github.com/akawula/DoraMatic/github/repositories/repositories.go:114.16,116.3 1 0
github.com/akawula/DoraMatic/github/repositories/repositories.go:118.2,119.16 2 0
github.com/akawula/DoraMatic/github/repositories/repositories.go:119.16,121.3 1 0
github.com/akawula/DoraMatic/github/repositories/repositories.go:122.2,124.153 3 0
github.com/akawula/DoraMatic/github/repositories/repositories.go:127.54,129.31 2 0
github.com/akawula/DoraMatic/github/repositories/repositories.go:129.31,134.17 2 0
github.com/akawula/DoraMatic/github/repositories/repositories.go:134.17,136.4 1 0
github.com/akawula/DoraMatic/github/repositories/repositories.go:137.3,137.38 1 0
github.com/akawula/DoraMatic/github/repositories/repositories.go:137.38,140.18 2 0
github.com/akawula/DoraMatic/github/repositories/repositories.go:140.18,142.5 1 0
github.com/akawula/DoraMatic/github/repositories/repositories.go:145.2,146.8 2 0
github.com/akawula/DoraMatic/github/repositories/repositories.go:149.55,151.6 2 0
github.com/akawula/DoraMatic/github/repositories/repositories.go:151.6,153.35 2 0
github.com/akawula/DoraMatic/github/repositories/repositories.go:153.35,157.12 4 0
github.com/akawula/DoraMatic/github/repositories/repositories.go:159.3,159.17 1 0
github.com/akawula/DoraMatic/github/repositories/repositories.go:159.17,161.4 1 0
github.com/akawula/DoraMatic/github/repositories/repositories.go:162.3,164.139 3 0
github.com/akawula/DoraMatic/github/repositories/repositories.go:164.139,165.9 1 0
github.com/akawula/DoraMatic/github/repositories/repositories.go:167.3,167.100 1 0
github.com/akawula/DoraMatic/github/repositories/repositories.go:169.2,171.8 2 0
github.com/akawula/DoraMatic/github/repositories/repositories.go:174.47,176.2 1 0
github.com/akawula/DoraMatic/github/repositories/repositories.go:178.66,179.21 1 0
github.com/akawula/DoraMatic/github/repositories/repositories.go:179.21,181.3 1 0
github.com/akawula/DoraMatic/github/repositories/repositories.go:182.2,184.16 3 0
github.com/akawula/DoraMatic/github/repositories/repositories.go:184.16,187.3 2 0
github.com/akawula/DoraMatic/github/repositories/repositories.go:188.2,189.16 2 0
github.com/akawula/DoraMatic/github/repositories/repositories.go:189.16,191.3 1 0
github.com/akawula/DoraMatic/github/repositories/repositories.go:193.2,193.30 1 0
github.com/akawula/DoraMatic/github/repositories/repositories.go:196.56,216.6 7 0
github.com/akawula/DoraMatic/github/repositories/repositories.go:216.6,218.17 2 0
github.com/akawula/DoraMatic/github/repositories/repositories.go:218.17,220.4 1 0
github.com/akawula/DoraMatic/github/repositories/repositories.go:221.3,222.56 2 0
github.com/akawula/DoraMatic/github/repositories/repositories.go:222.56,223.9 1 0
github.com/akawula/DoraMatic/github/repositories/repositories.go:225.3,225.87 1 0
github.com/akawula/DoraMatic/github/repositories/repositories.go:228.2,228.21 1 0
github.com/akawula/DoraMatic/view/home/show_templ.go:15.29,16.110 1 0
github.com/akawula/DoraMatic/view/home/show_templ.go:16.110,18.31 2 0
github.com/akawula/DoraMatic/view/home/show_templ.go:18.31,21.4 2 0
github.com/akawula/DoraMatic/view/home/show_templ.go:22.3,24.33 3 0
github.com/akawula/DoraMatic/view/home/show_templ.go:24.33,26.4 1 0
github.com/akawula/DoraMatic/view/home/show_templ.go:27.3,28.127 2 0
github.com/akawula/DoraMatic/view/home/show_templ.go:28.127,30.32 2 0
github.com/akawula/DoraMatic/view/home/show_templ.go:30.32,33.5 2 0
github.com/akawula/DoraMatic/view/home/show_templ.go:34.4,35.33 2 0
github.com/akawula/DoraMatic/view/home/show_templ.go:35.33,37.5 1 0
github.com/akawula/DoraMatic/view/home/show_templ.go:38.4,38.32 1 0
github.com/akawula/DoraMatic/view/home/show_templ.go:38.32,40.5 1 0
github.com/akawula/DoraMatic/view/home/show_templ.go:41.4,41.29 1 0
github.com/akawula/DoraMatic/view/home/show_templ.go:43.3,44.32 2 0
github.com/akawula/DoraMatic/view/home/show_templ.go:44.32,46.4 1 0
github.com/akawula/DoraMatic/view/home/show_templ.go:47.3,47.31 1 0
github.com/akawula/DoraMatic/view/home/show_templ.go:47.31,49.4 1 0
github.com/akawula/DoraMatic/view/home/show_templ.go:50.3,50.28 1 0
